<?xml version="1.0" encoding="UTF-8"?>
<!-- Generated by org.testng.reporters.JUnitReportReporter -->
<testsuite skipped="0" hostname="DESKTOP-79JO78G" name="com.maven.automation.DemoTest" tests="1" failures="0" timestamp="2021-02-18T14:13:47 IST" time="30.606" errors="0">
  <testcase name="DemoTest1" time="30.606" classname="com.maven.automation.DemoTest"/>
  <system-out/>
</testsuite> <!-- com.maven.automation.DemoTest -->
