<?xml version="1.0" encoding="UTF-8"?>
<!-- Generated by org.testng.reporters.JUnitReportReporter -->
<testsuite skipped="0" hostname="DESKTOP-79JO78G" name="com.maven.automation.NewTestNg" tests="1" failures="0" timestamp="2021-02-18T14:37:13 IST" time="22.956" errors="0">
  <testcase name="DemoTest1" time="22.956" classname="com.maven.automation.NewTestNg"/>
  <system-out/>
</testsuite> <!-- com.maven.automation.NewTestNg -->
