<?xml version="1.0" encoding="UTF-8"?>
<!-- Generated by org.testng.reporters.JUnitReportReporter -->
<testsuite skipped="0" hostname="DESKTOP-79JO78G" name="com.maven.automation.DemoTest" tests="1" failures="0" timestamp="2021-02-23T10:32:25 IST" time="13.552" errors="0">
  <testcase name="demoTest" time="13.552" classname="com.maven.automation.DemoTest"/>
  <system-out/>
</testsuite> <!-- com.maven.automation.DemoTest -->
